# JRE version: OpenJDK Runtime Environment (8.0_152-b01) (build 1.8.0_152-release-1248-b01)
# Java VM: OpenJDK 64-Bit Server VM (25.152-b01 mixed mode windows-amd64 compressed oops)
Heap:
 PSYoungGen      total 422912K, used 208555K [0x00000000e0000000, 0x00000000ff880000, 0x0000000100000000)
  eden space 338432K, 51% used [0x00000000e0000000,0x00000000ea976a30,0x00000000f4a80000)
  from space 84480K, 41% used [0x00000000fa600000,0x00000000fc8342c0,0x00000000ff880000)
  to   space 89088K, 0% used [0x00000000f4a80000,0x00000000f4a80000,0x00000000fa180000)
 ParOldGen       total 330240K, used 136667K [0x00000000a0000000, 0x00000000b4280000, 0x00000000e0000000)
  object space 330240K, 41% used [0x00000000a0000000,0x00000000a8576e08,0x00000000b4280000)
 Metaspace       used 88881K, capacity 92028K, committed 92416K, reserved 1130496K
  class space    used 11036K, capacity 11731K, committed 11776K, reserved 1048576K
GC Heap History (10 events):
Event: 1625.811 GC heap before
{Heap before GC invocations=35 (full 7):
 PSYoungGen      total 418304K, used 307347K [0x00000000e0000000, 0x0000000100000000, 0x0000000100000000)
  eden space 312320K, 98% used [0x00000000e0000000,0x00000000f2c24fd0,0x00000000f3100000)
  from space 105984K, 0% used [0x00000000f3100000,0x00000000f3100000,0x00000000f9880000)
  to   space 100864K, 0% used [0x00000000f9d80000,0x00000000f9d80000,0x0000000100000000)
 ParOldGen       total 330240K, used 87747K [0x00000000a0000000, 0x00000000b4280000, 0x00000000e0000000)
  object space 330240K, 26% used [0x00000000a0000000,0x00000000a55b0d70,0x00000000b4280000)
 Metaspace       used 87561K, capacity 90648K, committed 92160K, reserved 1130496K
  class space    used 10922K, capacity 11609K, committed 11776K, reserved 1048576K
Event: 1625.832 GC heap after
Heap after GC invocations=35 (full 7):
 PSYoungGen      total 406016K, used 15416K [0x00000000e0000000, 0x00000000ff400000, 0x0000000100000000)
  eden space 317440K, 0% used [0x00000000e0000000,0x00000000e0000000,0x00000000f3600000)
  from space 88576K, 17% used [0x00000000f9d80000,0x00000000fac8e380,0x00000000ff400000)
  to   space 97280K, 0% used [0x00000000f3600000,0x00000000f3600000,0x00000000f9500000)
 ParOldGen       total 330240K, used 87755K [0x00000000a0000000, 0x00000000b4280000, 0x00000000e0000000)
  object space 330240K, 26% used [0x00000000a0000000,0x00000000a55b2d70,0x00000000b4280000)
 Metaspace       used 87561K, capacity 90648K, committed 92160K, reserved 1130496K
  class space    used 10922K, capacity 11609K, committed 11776K, reserved 1048576K
}
Event: 1626.630 GC heap before
{Heap before GC invocations=36 (full 7):
 PSYoungGen      total 406016K, used 332755K [0x00000000e0000000, 0x00000000ff400000, 0x0000000100000000)
  eden space 317440K, 99% used [0x00000000e0000000,0x00000000f35e6c50,0x00000000f3600000)
  from space 88576K, 17% used [0x00000000f9d80000,0x00000000fac8e380,0x00000000ff400000)
  to   space 97280K, 0% used [0x00000000f3600000,0x00000000f3600000,0x00000000f9500000)
 ParOldGen       total 330240K, used 87755K [0x00000000a0000000, 0x00000000b4280000, 0x00000000e0000000)
  object space 330240K, 26% used [0x00000000a0000000,0x00000000a55b2d70,0x00000000b4280000)
 Metaspace       used 87566K, capacity 90648K, committed 92160K, reserved 1130496K
  class space    used 10922K, capacity 11609K, committed 11776K, reserved 1048576K
Event: 1626.652 GC heap after
Heap after GC invocations=36 (full 7):
 PSYoungGen      total 414720K, used 41434K [0x00000000e0000000, 0x0000000100000000, 0x0000000100000000)
  eden space 317440K, 0% used [0x00000000e0000000,0x00000000e0000000,0x00000000f3600000)
  from space 97280K, 42% used [0x00000000f3600000,0x00000000f5e76ad0,0x00000000f9500000)
  to   space 94208K, 0% used [0x00000000fa400000,0x00000000fa400000,0x0000000100000000)
 ParOldGen       total 330240K, used 96041K [0x00000000a0000000, 0x00000000b4280000, 0x00000000e0000000)
  object space 330240K, 29% used [0x00000000a0000000,0x00000000a5dca558,0x00000000b4280000)
 Metaspace       used 87566K, capacity 90648K, committed 92160K, reserved 1130496K
  class space    used 10922K, capacity 11609K, committed 11776K, reserved 1048576K
}
Event: 1626.712 GC heap before
{Heap before GC invocations=37 (full 7):
 PSYoungGen      total 414720K, used 358795K [0x00000000e0000000, 0x0000000100000000, 0x0000000100000000)
  eden space 317440K, 99% used [0x00000000e0000000,0x00000000f35ec190,0x00000000f3600000)
  from space 97280K, 42% used [0x00000000f3600000,0x00000000f5e76ad0,0x00000000f9500000)
  to   space 94208K, 0% used [0x00000000fa400000,0x00000000fa400000,0x0000000100000000)
 ParOldGen       total 330240K, used 96041K [0x00000000a0000000, 0x00000000b4280000, 0x00000000e0000000)
  object space 330240K, 29% used [0x00000000a0000000,0x00000000a5dca558,0x00000000b4280000)
 Metaspace       used 87566K, capacity 90648K, committed 92160K, reserved 1130496K
  class space    used 10922K, capacity 11609K, committed 11776K, reserved 1048576K
Event: 1626.730 GC heap after
Heap after GC invocations=37 (full 7):
 PSYoungGen      total 422912K, used 128K [0x00000000e0000000, 0x00000000ffc00000, 0x0000000100000000)
  eden space 332800K, 0% used [0x00000000e0000000,0x00000000e0000000,0x00000000f4500000)
  from space 90112K, 0% used [0x00000000fa400000,0x00000000fa420000,0x00000000ffc00000)
  to   space 93696K, 0% used [0x00000000f4500000,0x00000000f4500000,0x00000000fa080000)
 ParOldGen       total 330240K, used 136595K [0x00000000a0000000, 0x00000000b4280000, 0x00000000e0000000)
  object space 330240K, 41% used [0x00000000a0000000,0x00000000a8564e08,0x00000000b4280000)
 Metaspace       used 87566K, capacity 90648K, committed 92160K, reserved 1130496K
  class space    used 10922K, capacity 11609K, committed 11776K, reserved 1048576K
}
Event: 1626.790 GC heap before
{Heap before GC invocations=38 (full 7):
 PSYoungGen      total 422912K, used 332677K [0x00000000e0000000, 0x00000000ffc00000, 0x0000000100000000)
  eden space 332800K, 99% used [0x00000000e0000000,0x00000000f44c1500,0x00000000f4500000)
  from space 90112K, 0% used [0x00000000fa400000,0x00000000fa420000,0x00000000ffc00000)
  to   space 93696K, 0% used [0x00000000f4500000,0x00000000f4500000,0x00000000fa080000)
 ParOldGen       total 330240K, used 136595K [0x00000000a0000000, 0x00000000b4280000, 0x00000000e0000000)
  object space 330240K, 41% used [0x00000000a0000000,0x00000000a8564e08,0x00000000b4280000)
 Metaspace       used 87566K, capacity 90648K, committed 92160K, reserved 1130496K
  class space    used 10922K, capacity 11609K, committed 11776K, reserved 1048576K
Event: 1626.800 GC heap after
Heap after GC invocations=38 (full 7):
 PSYoungGen      total 426496K, used 128K [0x00000000e0000000, 0x0000000100000000, 0x0000000100000000)
  eden space 332800K, 0% used [0x00000000e0000000,0x00000000e0000000,0x00000000f4500000)
  from space 93696K, 0% used [0x00000000f4500000,0x00000000f4520000,0x00000000fa080000)
  to   space 92160K, 0% used [0x00000000fa600000,0x00000000fa600000,0x0000000100000000)
 ParOldGen       total 330240K, used 136635K [0x00000000a0000000, 0x00000000b4280000, 0x00000000e0000000)
  object space 330240K, 41% used [0x00000000a0000000,0x00000000a856ee08,0x00000000b4280000)
 Metaspace       used 87566K, capacity 90648K, committed 92160K, reserved 1130496K
  class space    used 10922K, capacity 11609K, committed 11776K, reserved 1048576K
}
Event: 1770.485 GC heap before
{Heap before GC invocations=39 (full 7):
 PSYoungGen      total 426496K, used 332928K [0x00000000e0000000, 0x0000000100000000, 0x0000000100000000)
  eden space 332800K, 100% used [0x00000000e0000000,0x00000000f4500000,0x00000000f4500000)
  from space 93696K, 0% used [0x00000000f4500000,0x00000000f4520000,0x00000000fa080000)
  to   space 92160K, 0% used [0x00000000fa600000,0x00000000fa600000,0x0000000100000000)
 ParOldGen       total 330240K, used 136635K [0x00000000a0000000, 0x00000000b4280000, 0x00000000e0000000)
  object space 330240K, 41% used [0x00000000a0000000,0x00000000a856ee08,0x00000000b4280000)
 Metaspace       used 88034K, capacity 91178K, committed 92160K, reserved 1130496K
  class space    used 10962K, capacity 11664K, committed 11776K, reserved 1048576K
Event: 1770.508 GC heap after
Heap after GC invocations=39 (full 7):
 PSYoungGen      total 422912K, used 35024K [0x00000000e0000000, 0x00000000ff880000, 0x0000000100000000)
  eden space 338432K, 0% used [0x00000000e0000000,0x00000000e0000000,0x00000000f4a80000)
  from space 84480K, 41% used [0x00000000fa600000,0x00000000fc8342c0,0x00000000ff880000)
  to   space 89088K, 0% used [0x00000000f4a80000,0x00000000f4a80000,0x00000000fa180000)
 ParOldGen       total 330240K, used 136667K [0x00000000a0000000, 0x00000000b4280000, 0x00000000e0000000)
  object space 330240K, 41% used [0x00000000a0000000,0x00000000a8576e08,0x00000000b4280000)
 Metaspace       used 88034K, capacity 91178K, committed 92160K, reserved 1130496K
  class space    used 10962K, capacity 11664K, committed 11776K, reserved 1048576K
}

